{"total": {"lines":{"total":116,"covered":115,"skipped":0,"pct":99.13},"statements":{"total":122,"covered":121,"skipped":0,"pct":99.18},"functions":{"total":31,"covered":31,"skipped":0,"pct":100},"branches":{"total":82,"covered":81,"skipped":0,"pct":98.78},"branchesTrue":{"total":0,"covered":0,"skipped":0,"pct":100}}
,"/home/runner/work/tredgate-loan-absa-prep/tredgate-loan-absa-prep/src/App.vue": {"lines":{"total":12,"covered":12,"skipped":0,"pct":100},"functions":{"total":5,"covered":5,"skipped":0,"pct":100},"statements":{"total":12,"covered":12,"skipped":0,"pct":100},"branches":{"total":0,"covered":0,"skipped":0,"pct":100}}
,"/home/runner/work/tredgate-loan-absa-prep/tredgate-loan-absa-prep/src/components/LoanForm.vue": {"lines":{"total":36,"covered":36,"skipped":0,"pct":100},"functions":{"total":5,"covered":5,"skipped":0,"pct":100},"statements":{"total":36,"covered":36,"skipped":0,"pct":100},"branches":{"total":38,"covered":38,"skipped":0,"pct":100}}
,"/home/runner/work/tredgate-loan-absa-prep/tredgate-loan-absa-prep/src/components/LoanList.vue": {"lines":{"total":9,"covered":9,"skipped":0,"pct":100},"functions":{"total":6,"covered":6,"skipped":0,"pct":100},"statements":{"total":9,"covered":9,"skipped":0,"pct":100},"branches":{"total":12,"covered":12,"skipped":0,"pct":100}}
,"/home/runner/work/tredgate-loan-absa-prep/tredgate-loan-absa-prep/src/components/LoanSummary.vue": {"lines":{"total":19,"covered":19,"skipped":0,"pct":100},"functions":{"total":6,"covered":6,"skipped":0,"pct":100},"statements":{"total":23,"covered":23,"skipped":0,"pct":100},"branches":{"total":10,"covered":10,"skipped":0,"pct":100}}
,"/home/runner/work/tredgate-loan-absa-prep/tredgate-loan-absa-prep/src/services/loanService.ts": {"lines":{"total":40,"covered":39,"skipped":0,"pct":97.5},"functions":{"total":9,"covered":9,"skipped":0,"pct":100},"statements":{"total":42,"covered":41,"skipped":0,"pct":97.61},"branches":{"total":22,"covered":21,"skipped":0,"pct":95.45}}
,"/home/runner/work/tredgate-loan-absa-prep/tredgate-loan-absa-prep/src/types/loan.ts": {"lines":{"total":0,"covered":0,"skipped":0,"pct":0},"functions":{"total":0,"covered":0,"skipped":0,"pct":0},"statements":{"total":0,"covered":0,"skipped":0,"pct":0},"branches":{"total":0,"covered":0,"skipped":0,"pct":0}}
}
